[0m11:11:27.624278 [debug] [MainThread]: Sending event: {'category': 'dbt', 'action': 'invocation', 'label': 'start', 'context': [<snowplow_tracker.self_describing_json.SelfDescribingJson object at 0x7151376ba810>, <snowplow_tracker.self_describing_json.SelfDescribingJson object at 0x7151376b9d90>, <snowplow_tracker.self_describing_json.SelfDescribingJson object at 0x7151376ba8d0>]}


============================== 11:11:27.627621 | 1aeec837-10e6-4aac-a5a6-cd9b76d57c91 ==============================
[0m11:11:27.627621 [info ] [MainThread]: Running with dbt=1.8.3
[0m11:11:27.628371 [debug] [MainThread]: running dbt with arguments {'printer_width': '80', 'indirect_selection': 'eager', 'log_cache_events': 'False', 'write_json': 'True', 'partial_parse': 'True', 'cache_selected_only': 'False', 'profiles_dir': '/home/micasidad/.dbt', 'version_check': 'True', 'warn_error': 'None', 'log_path': 'logs', 'fail_fast': 'False', 'debug': 'False', 'use_colors': 'True', 'use_experimental_parser': 'False', 'empty': 'None', 'quiet': 'False', 'no_print': 'None', 'warn_error_options': 'WarnErrorOptions(include=[], exclude=[])', 'static_parser': 'True', 'log_format': 'default', 'introspect': 'True', 'target_path': 'None', 'invocation_command': 'dbt init', 'send_anonymous_usage_stats': 'True'}
[0m11:12:01.010762 [debug] [MainThread]: Starter project path: /home/micasidad/Desktop/dbt_airflow/dags/dbt/venv/lib/python3.11/site-packages/dbt/include/starter_project
[0m11:12:01.024151 [info ] [MainThread]: 
Your new dbt project "cosmosproject" was created!

For more information on how to configure the profiles.yml file,
please consult the dbt documentation here:

  https://docs.getdbt.com/docs/configure-your-profile

One more thing:

Need help? Don't hesitate to reach out to us via GitHub issues or on Slack:

  https://community.getdbt.com/

Happy modeling!

[0m11:12:01.026769 [info ] [MainThread]: Setting up your profile.
[0m11:16:19.339530 [info ] [MainThread]: Profile cosmosproject written to /home/micasidad/.dbt/profiles.yml using target's profile_template.yml and your supplied values. Run 'dbt debug' to validate the connection.
[0m11:16:19.347642 [debug] [MainThread]: Resource report: {"command_name": "init", "command_success": true, "command_wall_clock_time": 291.7585, "process_user_time": 1.120694, "process_kernel_time": 0.162937, "process_mem_max_rss": "114620", "process_in_blocks": "9184", "process_out_blocks": "88"}
[0m11:16:19.349773 [debug] [MainThread]: Command `dbt init` succeeded at 11:16:19.349435 after 291.76 seconds
[0m11:16:19.350638 [debug] [MainThread]: Sending event: {'category': 'dbt', 'action': 'invocation', 'label': 'end', 'context': [<snowplow_tracker.self_describing_json.SelfDescribingJson object at 0x71513b7b4950>, <snowplow_tracker.self_describing_json.SelfDescribingJson object at 0x7151376ba410>, <snowplow_tracker.self_describing_json.SelfDescribingJson object at 0x7151362d31d0>]}
[0m11:16:19.351854 [debug] [MainThread]: Flushing usage events
[0m11:16:30.350802 [debug] [MainThread]: Sending event: {'category': 'dbt', 'action': 'invocation', 'label': 'start', 'context': [<snowplow_tracker.self_describing_json.SelfDescribingJson object at 0x728cba716dd0>, <snowplow_tracker.self_describing_json.SelfDescribingJson object at 0x728cbb999810>, <snowplow_tracker.self_describing_json.SelfDescribingJson object at 0x728cba716d90>]}


============================== 11:16:30.353171 | 961c7c7d-c8d3-432b-ac70-2ca5158550b0 ==============================
[0m11:16:30.353171 [info ] [MainThread]: Running with dbt=1.8.3
[0m11:16:30.353783 [debug] [MainThread]: running dbt with arguments {'printer_width': '80', 'indirect_selection': 'eager', 'log_cache_events': 'False', 'write_json': 'True', 'partial_parse': 'True', 'cache_selected_only': 'False', 'warn_error': 'None', 'version_check': 'True', 'debug': 'False', 'log_path': 'logs', 'fail_fast': 'False', 'profiles_dir': '/home/micasidad/.dbt', 'use_colors': 'True', 'use_experimental_parser': 'False', 'no_print': 'None', 'quiet': 'False', 'empty': 'None', 'log_format': 'default', 'static_parser': 'True', 'introspect': 'True', 'invocation_command': 'dbt debug', 'target_path': 'None', 'warn_error_options': 'WarnErrorOptions(include=[], exclude=[])', 'send_anonymous_usage_stats': 'True'}
[0m11:16:30.359759 [info ] [MainThread]: dbt version: 1.8.3
[0m11:16:30.360365 [info ] [MainThread]: python version: 3.11.5
[0m11:16:30.360900 [info ] [MainThread]: python path: /home/micasidad/Desktop/dbt_airflow/dags/dbt/venv/bin/python
[0m11:16:30.361423 [info ] [MainThread]: os info: Linux-6.5.0-35-generic-x86_64-with-glibc2.35
[0m11:16:30.541767 [info ] [MainThread]: Error importing adapter: No module named 'dbt.adapters.postgres'
[0m11:16:30.542710 [info ] [MainThread]: Error importing adapter: No module named 'dbt.adapters.postgres'
[0m11:16:30.543202 [info ] [MainThread]: Using profiles dir at /home/micasidad/.dbt
[0m11:16:30.543535 [info ] [MainThread]: Using profiles.yml file at /home/micasidad/.dbt/profiles.yml
[0m11:16:30.543848 [info ] [MainThread]: Using dbt_project.yml file at /home/micasidad/Desktop/dbt_airflow/dags/dbt/dbt_project.yml
[0m11:16:30.544218 [info ] [MainThread]: Configuration:
[0m11:16:30.544554 [info ] [MainThread]:   profiles.yml file [[31mERROR invalid[0m]
[0m11:16:30.544886 [info ] [MainThread]:   dbt_project.yml file [[31mERROR not found[0m]
[0m11:16:30.545243 [info ] [MainThread]: Required dependencies:
[0m11:16:30.545656 [debug] [MainThread]: Executing "git --help"
[0m11:16:30.556203 [debug] [MainThread]: STDOUT: "b"usage: git [--version] [--help] [-C <path>] [-c <name>=<value>]\n           [--exec-path[=<path>]] [--html-path] [--man-path] [--info-path]\n           [-p | --paginate | -P | --no-pager] [--no-replace-objects] [--bare]\n           [--git-dir=<path>] [--work-tree=<path>] [--namespace=<name>]\n           [--super-prefix=<path>] [--config-env=<name>=<envvar>]\n           <command> [<args>]\n\nThese are common Git commands used in various situations:\n\nstart a working area (see also: git help tutorial)\n   clone     Clone a repository into a new directory\n   init      Create an empty Git repository or reinitialize an existing one\n\nwork on the current change (see also: git help everyday)\n   add       Add file contents to the index\n   mv        Move or rename a file, a directory, or a symlink\n   restore   Restore working tree files\n   rm        Remove files from the working tree and from the index\n\nexamine the history and state (see also: git help revisions)\n   bisect    Use binary search to find the commit that introduced a bug\n   diff      Show changes between commits, commit and working tree, etc\n   grep      Print lines matching a pattern\n   log       Show commit logs\n   show      Show various types of objects\n   status    Show the working tree status\n\ngrow, mark and tweak your common history\n   branch    List, create, or delete branches\n   commit    Record changes to the repository\n   merge     Join two or more development histories together\n   rebase    Reapply commits on top of another base tip\n   reset     Reset current HEAD to the specified state\n   switch    Switch branches\n   tag       Create, list, delete or verify a tag object signed with GPG\n\ncollaborate (see also: git help workflows)\n   fetch     Download objects and refs from another repository\n   pull      Fetch from and integrate with another repository or a local branch\n   push      Update remote refs along with associated objects\n\n'git help -a' and 'git help -g' list available subcommands and some\nconcept guides. See 'git help <command>' or 'git help <concept>'\nto read about a specific subcommand or concept.\nSee 'git help git' for an overview of the system.\n""
[0m11:16:30.557448 [debug] [MainThread]: STDERR: "b''"
[0m11:16:30.558248 [info ] [MainThread]:  - git [[32mOK found[0m]

[0m11:16:30.559074 [info ] [MainThread]: Connection test skipped since no profile was found
[0m11:16:30.559982 [info ] [MainThread]: [31m2 checks failed:[0m
[0m11:16:30.560737 [info ] [MainThread]: Could not load dbt_project.yml
Profile loading failed for the following reason:
Runtime Error
  Credentials in profile "custom_postgres", target "dev" invalid: Runtime Error
    Could not find adapter type postgres!

Runtime Error
  Credentials in profile "postgres", target "dev" invalid: Runtime Error
    Could not find adapter type postgres!


[0m11:16:30.561496 [info ] [MainThread]: Project loading failed for the following reason:
 project path </home/micasidad/Desktop/dbt_airflow/dags/dbt/dbt_project.yml> not found

[0m11:16:30.563047 [debug] [MainThread]: Resource report: {"command_name": "debug", "command_wall_clock_time": 0.25209716, "process_user_time": 1.082821, "process_kernel_time": 0.139333, "process_mem_max_rss": "116268", "process_out_blocks": "24", "command_success": false, "process_in_blocks": "0"}
[0m11:16:30.564789 [debug] [MainThread]: Command `dbt debug` failed at 11:16:30.564472 after 0.25 seconds
[0m11:16:30.565766 [debug] [MainThread]: Sending event: {'category': 'dbt', 'action': 'invocation', 'label': 'end', 'context': [<snowplow_tracker.self_describing_json.SelfDescribingJson object at 0x728cbe808a10>, <snowplow_tracker.self_describing_json.SelfDescribingJson object at 0x728cba751f50>, <snowplow_tracker.self_describing_json.SelfDescribingJson object at 0x728cba752bd0>]}
[0m11:16:30.566489 [debug] [MainThread]: Flushing usage events
